<?xml version="1.0" encoding="UTF-8"?>
<!-- Generated by org.testng.reporters.JUnitReportReporter -->
<testsuite hostname="DESKTOP-6I1QFU3" name="com.test.AdminTest" tests="1" failures="0" timestamp="9 Oct 2021 15:56:04 GMT" time="2.246" errors="0">
  <testcase name="adminTest" time="2.246" classname="com.test.AdminTest"/>
</testsuite> <!-- com.test.AdminTest -->
